<?xml version="1.0" encoding="UTF-8"?>
<!-- Generated by org.testng.reporters.JUnitReportReporter -->
<testsuite hostname="SC-HTW8VZ1" name="com.bookATable.tests.AddServiceTest"
	tests="1" failures="0" timestamp="18 May 2017 04:07:00 GMT" time="10.254"
	errors="0">
	<testcase name="addServiceTest" time="10.254"
		classname="com.bookATable.tests.AddServiceTest" />
</testsuite> <!-- com.bookATable.tests.AddServiceTest -->
