<?xml version="1.0" encoding="UTF-8"?>
<!-- Generated by org.testng.reporters.JUnitReportReporter -->
<testsuite hostname="admin-PC" name="com.identity.tests.VehicleDetailCheck" tests="5" failures="0" timestamp="22 Oct 2017 21:53:50 GMT" time="50.908" errors="0">
  <testcase name="assertVehicleInfo" time="10.039" classname="com.identity.tests.VehicleDetailCheck"/>
  <testcase name="assertVehicleInfo" time="10.101" classname="com.identity.tests.VehicleDetailCheck"/>
  <testcase name="assertVehicleInfo" time="10.078" classname="com.identity.tests.VehicleDetailCheck"/>
  <testcase name="assertVehicleInfo" time="10.615" classname="com.identity.tests.VehicleDetailCheck"/>
  <testcase name="assertVehicleInfo" time="10.075" classname="com.identity.tests.VehicleDetailCheck"/>
</testsuite> <!-- com.identity.tests.VehicleDetailCheck -->
