<?xml version="1.0" encoding="UTF-8"?>
<!-- Generated by org.testng.reporters.JUnitReportReporter -->
<testsuite hostname="admin-PC" name="com.identity.tests.VehicleDetailVerificationTest" tests="2" failures="0" timestamp="22 Oct 2017 22:06:10 GMT" time="33.498" errors="0">
  <testcase name="assertVehicleInfo" time="18.317" classname="com.identity.tests.VehicleDetailVerificationTest"/>
  <testcase name="assertVehicleInfo" time="15.181" classname="com.identity.tests.VehicleDetailVerificationTest"/>
</testsuite> <!-- com.identity.tests.VehicleDetailVerificationTest -->
