<?xml version="1.0" encoding="UTF-8"?>
<!-- Generated by org.testng.reporters.JUnitReportReporter -->
<testsuite hostname="admin-PC" name="com.identity.tests.VehicleDetailCheck" tests="2" failures="0" timestamp="22 Oct 2017 21:59:34 GMT" time="33.517" errors="0">
  <testcase name="assertVehicleInfo" time="17.253" classname="com.identity.tests.VehicleDetailCheck"/>
  <testcase name="assertVehicleInfo" time="16.264" classname="com.identity.tests.VehicleDetailCheck"/>
</testsuite> <!-- com.identity.tests.VehicleDetailCheck -->
